<?xml version="1.0" encoding="UTF-8"?>
<!-- Generated by org.testng.reporters.JUnitReportReporter -->
<testsuite hostname="DESKTOP-DENE2N4" failures="0" tests="4" name="tests.TextBox_test" time="4.221" errors="0" timestamp="2023-09-11T19:22:47 IST" skipped="0">
  <testcase classname="tests.TextBox_test" name="click_element" time="0.343"/>
  <testcase classname="tests.TextBox_test" name="click_textbox" time="0.437"/>
  <testcase classname="tests.TextBox_test" name="fill_details" time="2.731"/>
  <testcase classname="tests.TextBox_test" name="checkdetails" time="0.710"/>
</testsuite> <!-- tests.TextBox_test -->
