<?xml version="1.0" encoding="UTF-8"?>
<!-- Generated by org.testng.reporters.JUnitReportReporter -->
<testsuite hostname="DESKTOP-DENE2N4" failures="0" tests="4" name="tests.Nasted_frame_test" time="1.799" errors="0" timestamp="2023-09-01T14:17:29 IST" skipped="0">
  <testcase classname="tests.Nasted_frame_test" name="Click_Alert_windows_frame" time="0.225"/>
  <testcase classname="tests.Nasted_frame_test" name="Click_Frame" time="0.321"/>
  <testcase classname="tests.Nasted_frame_test" name="Enter_childframe" time="0.884"/>
  <testcase classname="tests.Nasted_frame_test" name="Enter_inner_parrentframe" time="0.369"/>
</testsuite> <!-- tests.Nasted_frame_test -->
