<?xml version="1.0" encoding="UTF-8"?>
<!-- Generated by org.testng.reporters.JUnitReportReporter -->
<testsuite hostname="DESKTOP-DENE2N4" failures="0" tests="1" name="tests.Browser_Window_test" time="0.122" errors="0" timestamp="2023-09-23T16:54:20 IST" skipped="0">
  <testcase classname="tests.Browser_Window_test" name="Click_Alert_windows_frame" time="0.122"/>
</testsuite> <!-- tests.Browser_Window_test -->
