<?xml version="1.0" encoding="UTF-8"?>
<!-- Generated by org.testng.reporters.JUnitReportReporter -->
<testsuite hostname="DESKTOP-DENE2N4" failures="0" tests="5" name="tests.Tabs_test" time="1.694" errors="0" timestamp="2023-09-16T21:10:37 IST" skipped="0">
  <testcase classname="tests.Tabs_test" name="Clickwedgets" time="0.342"/>
  <testcase classname="tests.Tabs_test" name="Clicktabs" time="0.294"/>
  <testcase classname="tests.Tabs_test" name="ReadTextFromtab1" time="0.313"/>
  <testcase classname="tests.Tabs_test" name="ReadTextFromtab2" time="0.324"/>
  <testcase classname="tests.Tabs_test" name="ReadTextFromtab3" time="0.421"/>
</testsuite> <!-- tests.Tabs_test -->
