<?xml version="1.0" encoding="UTF-8"?>
<!-- Generated by org.testng.reporters.JUnitReportReporter -->
<testsuite hostname="DESKTOP-DENE2N4" failures="0" tests="4" name="tests.Model_dailoge_test" time="7.544" errors="0" timestamp="2023-09-16T21:39:46 IST" skipped="0">
  <testcase classname="tests.Model_dailoge_test" name="click_Alert_windows_frame" time="0.283"/>
  <testcase classname="tests.Model_dailoge_test" name="click_Model_dailoge" time="0.322"/>
  <testcase classname="tests.Model_dailoge_test" name="read_Small_model" time="3.388"/>
  <testcase classname="tests.Model_dailoge_test" name="read_Lage_model" time="3.551"/>
</testsuite> <!-- tests.Model_dailoge_test -->
