<?xml version="1.0" encoding="UTF-8"?>
<!-- Generated by org.testng.reporters.JUnitReportReporter -->
<testsuite hostname="DESKTOP-DENE2N4" failures="0" tests="4" name="tests.Menu_test" time="1.567" errors="0" timestamp="2023-09-07T18:40:51 IST" skipped="0">
  <testcase classname="tests.Menu_test" name="CLICK_wedgetss" time="0.262"/>
  <testcase classname="tests.Menu_test" name="CLICK_menuu" time="0.252"/>
  <testcase classname="tests.Menu_test" name="MOUSEOVER" time="0.567"/>
  <testcase classname="tests.Menu_test" name="mouseover_CLICK" time="0.486"/>
</testsuite> <!-- tests.Menu_test -->
