<?xml version="1.0" encoding="UTF-8"?>
<!-- Generated by org.testng.reporters.JUnitReportReporter -->
<testsuite hostname="DESKTOP-DENE2N4" failures="0" tests="5" name="tests.RadioButton_Test" time="6.667" errors="0" timestamp="2023-08-22T09:50:58 IST" skipped="0">
  <testcase classname="tests.RadioButton_Test" name="click_element" time="0.212"/>
  <testcase classname="tests.RadioButton_Test" name="clickradiobutton" time="0.303"/>
  <testcase classname="tests.RadioButton_Test" name="pressRadioButtonYes" time="5.521"/>
  <testcase classname="tests.RadioButton_Test" name="pressRadioButtonImpressive" time="0.193"/>
  <testcase classname="tests.RadioButton_Test" name="pressRadioButtonNo" time="0.438"/>
</testsuite> <!-- tests.RadioButton_Test -->
