<?xml version="1.0" encoding="UTF-8"?>
<!-- Generated by org.testng.reporters.JUnitReportReporter -->
<testsuite hostname="DESKTOP-DENE2N4" failures="0" tests="1" name="tests.Alert_test" time="0.115" errors="0" timestamp="2023-09-23T16:54:20 IST" skipped="0">
  <testcase classname="tests.Alert_test" name="clickAlert_frame_window" time="0.115"/>
</testsuite> <!-- tests.Alert_test -->
