<?xml version="1.0" encoding="UTF-8"?>
<!-- Generated by org.testng.reporters.JUnitReportReporter -->
<testsuite hostname="DESKTOP-DENE2N4" failures="0" tests="3" name="tests.Checkbox_test" time="1.127" errors="0" timestamp="2023-08-22T13:29:31 IST" skipped="0">
  <testcase classname="tests.Checkbox_test" name="clickelement" time="0.254"/>
  <testcase classname="tests.Checkbox_test" name="clickcheckbox" time="0.264"/>
  <testcase classname="tests.Checkbox_test" name="clickmobile" time="0.609"/>
</testsuite> <!-- tests.Checkbox_test -->
