<?xml version="1.0" encoding="UTF-8"?>
<!-- Generated by org.testng.reporters.JUnitReportReporter -->
<testsuite hostname="DESKTOP-DENE2N4" failures="0" tests="6" name="tests.Select_menu_test" time="2.175" errors="0" timestamp="2023-09-05T13:17:57 IST" skipped="0">
  <testcase classname="tests.Select_menu_test" name="Click_Wedgets" time="0.248"/>
  <testcase classname="tests.Select_menu_test" name="click_select_menu" time="0.288"/>
  <testcase classname="tests.Select_menu_test" name="click_select_value" time="0.468"/>
  <testcase classname="tests.Select_menu_test" name="click_select_one" time="0.566"/>
  <testcase classname="tests.Select_menu_test" name="click_old_style_select_menu" time="0.284"/>
  <testcase classname="tests.Select_menu_test" name="click_standard_multi_select" time="0.321"/>
</testsuite> <!-- tests.Select_menu_test -->
