<?xml version="1.0" encoding="UTF-8"?>
<!-- Generated by org.testng.reporters.JUnitReportReporter -->
<testsuite hostname="DESKTOP-DENE2N4" failures="0" tests="1" name="tests.LoginTest" time="0.340" errors="0" timestamp="2023-08-22T09:50:58 IST" skipped="0">
  <testcase classname="tests.LoginTest" name="titaltest" time="0.340"/>
</testsuite> <!-- tests.LoginTest -->
