<?xml version="1.0" encoding="UTF-8"?>
<!-- Generated by org.testng.reporters.JUnitReportReporter -->
<testsuite hostname="DESKTOP-DENE2N4" failures="0" tests="4" name="tests.Upload_downlode_test" time="4.181" errors="0" timestamp="2023-09-04T15:44:19 IST" skipped="0">
  <testcase classname="tests.Upload_downlode_test" name="Clickelement" time="0.267"/>
  <testcase classname="tests.Upload_downlode_test" name="Click_uplode_downlode" time="0.371"/>
  <testcase classname="tests.Upload_downlode_test" name="ClickSelectfile" time="0.366"/>
  <testcase classname="tests.Upload_downlode_test" name="uplodefile" time="3.177"/>
</testsuite> <!-- tests.Upload_downlode_test -->
