<?xml version="1.0" encoding="UTF-8"?>
<!-- Generated by org.testng.reporters.JUnitReportReporter -->
<testsuite hostname="DESKTOP-DENE2N4" failures="0" tests="5" name="tests.Frame_test" time="1.415" errors="0" timestamp="2023-08-30T12:53:10 IST" skipped="0">
  <testcase classname="tests.Frame_test" name="Click_Alert_windows_frame" time="0.399"/>
  <testcase classname="tests.Frame_test" name="Click_Frame" time="0.229"/>
  <testcase classname="tests.Frame_test" name="Read_childframe1_text" time="0.250"/>
  <testcase classname="tests.Frame_test" name="Read_childframe2_text" time="0.206"/>
  <testcase classname="tests.Frame_test" name="Read_parentframe_text" time="0.331"/>
</testsuite> <!-- tests.Frame_test -->
