<?xml version="1.0" encoding="UTF-8"?>
<!-- Generated by org.testng.reporters.JUnitReportReporter -->
<testsuite hostname="DESKTOP-DENE2N4" failures="0" tests="5" name="tests.Link_test" time="1.844" errors="0" timestamp="2023-09-01T16:21:25 IST" skipped="0">
  <testcase classname="tests.Link_test" name="clickElement" time="0.374"/>
  <testcase classname="tests.Link_test" name="clicklinks" time="0.727"/>
  <testcase classname="tests.Link_test" name="clickdemoPages" time="0.149"/>
  <testcase classname="tests.Link_test" name="changeWindow" time="0.216"/>
  <testcase classname="tests.Link_test" name="CloseWindow" time="0.378"/>
</testsuite> <!-- tests.Link_test -->
